{"location":"CombatController.FindSelectableTiles","message":"entry","data":"ActionMeleeAttack","hypothesisId":"H1","timestamp":1773548740262}
{"location":"PathfindingSystem.FindReachableTiles","message":"loop","data":"iter=1 queueCount=1","hypothesisId":"H2","timestamp":1773548740266}
{"location":"PathfindingSystem.FindReachableTiles","message":"loop","data":"iter=2 queueCount=3","hypothesisId":"H2","timestamp":1773548740267}
{"location":"PathfindingSystem.FindReachableTiles","message":"loop","data":"iter=3 queueCount=4","hypothesisId":"H2","timestamp":1773548740268}
{"location":"PathfindingSystem.FindReachableTiles","message":"done","data":"iterCount=34 reachable=33","hypothesisId":"H2","timestamp":1773548740269}
{"location":"CombatController.FindSelectableTiles","message":"exit","data":"count=34","hypothesisId":"H1","timestamp":1773548740270}
{"location":"CombatController.FindSelectableTiles","message":"entry","data":"ActionMeleeAttack","hypothesisId":"H1","timestamp":1773548742010}
{"location":"PathfindingSystem.FindReachableTiles","message":"loop","data":"iter=1 queueCount=1","hypothesisId":"H2","timestamp":1773548742012}
{"location":"PathfindingSystem.FindReachableTiles","message":"loop","data":"iter=2 queueCount=2","hypothesisId":"H2","timestamp":1773548742012}
{"location":"PathfindingSystem.FindReachableTiles","message":"loop","data":"iter=3 queueCount=4","hypothesisId":"H2","timestamp":1773548742012}
{"location":"PathfindingSystem.FindReachableTiles","message":"done","data":"iterCount=38 reachable=37","hypothesisId":"H2","timestamp":1773548742015}
{"location":"CombatController.FindSelectableTiles","message":"exit","data":"count=38","hypothesisId":"H1","timestamp":1773548742015}
{"location":"CombatController.FindSelectableTiles","message":"entry","data":"ActionMeleeAttack","hypothesisId":"H1","timestamp":1773548742700}
{"location":"PathfindingSystem.FindReachableTiles","message":"loop","data":"iter=1 queueCount=1","hypothesisId":"H2","timestamp":1773548742700}
{"location":"PathfindingSystem.FindReachableTiles","message":"loop","data":"iter=2 queueCount=3","hypothesisId":"H2","timestamp":1773548742700}
{"location":"PathfindingSystem.FindReachableTiles","message":"loop","data":"iter=3 queueCount=5","hypothesisId":"H2","timestamp":1773548742701}
{"location":"PathfindingSystem.FindReachableTiles","message":"done","data":"iterCount=51 reachable=50","hypothesisId":"H2","timestamp":1773548742703}
{"location":"CombatController.FindSelectableTiles","message":"exit","data":"count=51","hypothesisId":"H1","timestamp":1773548742703}
{"location":"CombatPanelUI.OnActionButtonClicked","message":"entry","data":"key=ability:fireball className=ActionGroundAttack","hypothesisId":"H1","timestamp":1773548743525}
{"location":"CombatController.SelectAction","message":"entry","data":"key=ability:fireball className=ActionGroundAttack","hypothesisId":"H1","timestamp":1773548743525}
{"location":"ActionSelector.Select","message":"entry","data":"key=ability:fireball className=ActionGroundAttack","hypothesisId":"H5","timestamp":1773548743526}
{"location":"ActionSelector.Select","message":"exit","data":"","hypothesisId":"H5","timestamp":1773548743545}
{"location":"CombatController.FindSelectableTiles","message":"entry","data":"ActionGroundAttack","hypothesisId":"H1","timestamp":1773548743547}
{"location":"PathfindingSystem.FindReachableTiles","message":"loop","data":"iter=1 queueCount=1","hypothesisId":"H2","timestamp":1773548743547}
{"location":"ReachabilityResolver.FindAttackTargetsFromTile","message":"GROUND_TILE","data":"from=(3,1) minR=3 maxR=6","hypothesisId":"H3","timestamp":1773548743548}
{"location":"ReachabilityResolver.FindAttackTargetsFromTile","message":"GROUND_TILE_done","data":"tilesInRange=27","hypothesisId":"H3","timestamp":1773548743548}
{"location":"PathfindingSystem.FindReachableTiles","message":"loop","data":"iter=2 queueCount=3","hypothesisId":"H2","timestamp":1773548743549}
{"location":"ReachabilityResolver.FindAttackTargetsFromTile","message":"GROUND_TILE","data":"from=(4,1) minR=3 maxR=6","hypothesisId":"H3","timestamp":1773548743549}
{"location":"ReachabilityResolver.FindAttackTargetsFromTile","message":"GROUND_TILE_done","data":"tilesInRange=23","hypothesisId":"H3","timestamp":1773548743549}
{"location":"PathfindingSystem.FindReachableTiles","message":"loop","data":"iter=3 queueCount=5","hypothesisId":"H2","timestamp":1773548743550}
{"location":"ReachabilityResolver.FindAttackTargetsFromTile","message":"GROUND_TILE","data":"from=(3,0) minR=3 maxR=6","hypothesisId":"H3","timestamp":1773548743550}
{"location":"ReachabilityResolver.FindAttackTargetsFromTile","message":"GROUND_TILE_done","data":"tilesInRange=27","hypothesisId":"H3","timestamp":1773548743550}
{"location":"ReachabilityResolver.FindAttackTargetsFromTile","message":"GROUND_TILE","data":"from=(3,2) minR=3 maxR=6","hypothesisId":"H3","timestamp":1773548743550}
{"location":"ReachabilityResolver.FindAttackTargetsFromTile","message":"GROUND_TILE_done","data":"tilesInRange=36","hypothesisId":"H3","timestamp":1773548743552}
{"location":"ReachabilityResolver.FindAttackTargetsFromTile","message":"GROUND_TILE","data":"from=(2,0) minR=3 maxR=6","hypothesisId":"H3","timestamp":1773548743552}
{"location":"ReachabilityResolver.FindAttackTargetsFromTile","message":"GROUND_TILE_done","data":"tilesInRange=27","hypothesisId":"H3","timestamp":1773548743552}
{"location":"ReachabilityResolver.FindAttackTargetsFromTile","message":"GROUND_TILE","data":"from=(3,3) minR=3 maxR=6","hypothesisId":"H3","timestamp":1773548743553}
{"location":"ReachabilityResolver.FindAttackTargetsFromTile","message":"GROUND_TILE_done","data":"tilesInRange=30","hypothesisId":"H3","timestamp":1773548743553}
{"location":"ReachabilityResolver.FindAttackTargetsFromTile","message":"GROUND_TILE","data":"from=(4,2) minR=3 maxR=6","hypothesisId":"H3","timestamp":1773548743553}
{"location":"ReachabilityResolver.FindAttackTargetsFromTile","message":"GROUND_TILE_done","data":"tilesInRange=36","hypothesisId":"H3","timestamp":1773548743554}
{"location":"ReachabilityResolver.FindAttackTargetsFromTile","message":"GROUND_TILE","data":"from=(2,2) minR=3 maxR=6","hypothesisId":"H3","timestamp":1773548743554}
{"location":"ReachabilityResolver.FindAttackTargetsFromTile","message":"GROUND_TILE_done","data":"tilesInRange=30","hypothesisId":"H3","timestamp":1773548743554}
{"location":"ReachabilityResolver.FindAttackTargetsFromTile","message":"GROUND_TILE","data":"from=(1,0) minR=3 maxR=6","hypothesisId":"H3","timestamp":1773548743555}
{"location":"ReachabilityResolver.FindAttackTargetsFromTile","message":"GROUND_TILE_done","data":"tilesInRange=24","hypothesisId":"H3","timestamp":1773548743555}
{"location":"ReachabilityResolver.FindAttackTargetsFromTile","message":"GROUND_TILE","data":"from=(5,2) minR=3 maxR=6","hypothesisId":"H3","timestamp":1773548743555}
{"location":"ReachabilityResolver.FindAttackTargetsFromTile","message":"GROUND_TILE_done","data":"tilesInRange=47","hypothesisId":"H3","timestamp":1773548743555}
{"location":"ReachabilityResolver.FindAttackTargetsFromTile","message":"GROUND_TILE","data":"from=(4,1) minR=3 maxR=6","hypothesisId":"H3","timestamp":1773548743556}
{"location":"ReachabilityResolver.FindAttackTargetsFromTile","message":"GROUND_TILE_done","data":"tilesInRange=23","hypothesisId":"H3","timestamp":1773548743556}
{"location":"PathfindingSystem.FindReachableTiles","message":"done","data":"iterCount=51 reachable=50","hypothesisId":"H2","timestamp":1773548743556}
{"location":"CombatController.FindSelectableTiles","message":"exit","data":"count=75","hypothesisId":"H1","timestamp":1773548743557}
{"location":"CombatController.SelectAction","message":"exit","data":"","hypothesisId":"H1","timestamp":1773548743557}
{"location":"CombatPanelUI.OnActionButtonClicked","message":"exit","data":"","hypothesisId":"H1","timestamp":1773548743617}
{"location":"CombatController.FindSelectableTiles","message":"entry","data":"ActionMeleeAttack","hypothesisId":"H1","timestamp":1773548970011}
{"location":"PathfindingSystem.FindReachableTiles","message":"loop","data":"iter=1 queueCount=1","hypothesisId":"H2","timestamp":1773548970014}
{"location":"PathfindingSystem.FindReachableTiles","message":"loop","data":"iter=2 queueCount=3","hypothesisId":"H2","timestamp":1773548970016}
{"location":"PathfindingSystem.FindReachableTiles","message":"loop","data":"iter=3 queueCount=5","hypothesisId":"H2","timestamp":1773548970017}
{"location":"PathfindingSystem.FindReachableTiles","message":"done","data":"iterCount=45 reachable=44","hypothesisId":"H2","timestamp":1773548970020}
{"location":"CombatController.FindSelectableTiles","message":"exit","data":"count=45","hypothesisId":"H1","timestamp":1773548970021}
{"location":"CombatController.FindSelectableTiles","message":"entry","data":"ActionMeleeAttack","hypothesisId":"H1","timestamp":1773548972049}
{"location":"PathfindingSystem.FindReachableTiles","message":"loop","data":"iter=1 queueCount=1","hypothesisId":"H2","timestamp":1773548972049}
{"location":"PathfindingSystem.FindReachableTiles","message":"loop","data":"iter=2 queueCount=2","hypothesisId":"H2","timestamp":1773548972050}
{"location":"PathfindingSystem.FindReachableTiles","message":"loop","data":"iter=3 queueCount=4","hypothesisId":"H2","timestamp":1773548972050}
{"location":"PathfindingSystem.FindReachableTiles","message":"done","data":"iterCount=55 reachable=54","hypothesisId":"H2","timestamp":1773548972054}
{"location":"CombatController.FindSelectableTiles","message":"exit","data":"count=55","hypothesisId":"H1","timestamp":1773548972054}
{"location":"CombatController.FindSelectableTiles","message":"entry","data":"ActionMeleeAttack","hypothesisId":"H1","timestamp":1773548972565}
{"location":"PathfindingSystem.FindReachableTiles","message":"loop","data":"iter=1 queueCount=1","hypothesisId":"H2","timestamp":1773548972565}
{"location":"PathfindingSystem.FindReachableTiles","message":"loop","data":"iter=2 queueCount=3","hypothesisId":"H2","timestamp":1773548972566}
{"location":"PathfindingSystem.FindReachableTiles","message":"loop","data":"iter=3 queueCount=5","hypothesisId":"H2","timestamp":1773548972566}
{"location":"PathfindingSystem.FindReachableTiles","message":"done","data":"iterCount=59 reachable=58","hypothesisId":"H2","timestamp":1773548972569}
{"location":"CombatController.FindSelectableTiles","message":"exit","data":"count=59","hypothesisId":"H1","timestamp":1773548972569}
{"location":"CombatPanelUI.OnActionButtonClicked","message":"entry","data":"key=ability:fireball className=ActionGroundAttack","hypothesisId":"H1","timestamp":1773548973559}
{"location":"CombatController.SelectAction","message":"entry","data":"key=ability:fireball className=ActionGroundAttack","hypothesisId":"H1","timestamp":1773548973559}
{"location":"ActionSelector.Select","message":"entry","data":"key=ability:fireball className=ActionGroundAttack","hypothesisId":"H5","timestamp":1773548973560}
{"location":"ActionSelector.Select","message":"exit","data":"","hypothesisId":"H5","timestamp":1773548973578}
{"location":"CombatController.FindSelectableTiles","message":"entry","data":"ActionGroundAttack","hypothesisId":"H1","timestamp":1773548973578}
{"location":"PathfindingSystem.FindReachableTiles","message":"loop","data":"iter=1 queueCount=1","hypothesisId":"H2","timestamp":1773548973579}
{"location":"ReachabilityResolver.FindAttackTargetsFromTile","message":"GROUND_TILE","data":"from=(3,1) minR=3 maxR=6","hypothesisId":"H3","timestamp":1773548973579}
{"location":"ReachabilityResolver.FindAttackTargetsFromTile","message":"GROUND_TILE_done","data":"tilesInRange=34","hypothesisId":"H3","timestamp":1773548973580}
{"location":"PathfindingSystem.FindReachableTiles","message":"loop","data":"iter=2 queueCount=3","hypothesisId":"H2","timestamp":1773548973580}
{"location":"ReachabilityResolver.FindAttackTargetsFromTile","message":"GROUND_TILE","data":"from=(3,2) minR=3 maxR=6","hypothesisId":"H3","timestamp":1773548973581}
{"location":"ReachabilityResolver.FindAttackTargetsFromTile","message":"GROUND_TILE_done","data":"tilesInRange=42","hypothesisId":"H3","timestamp":1773548973581}
{"location":"PathfindingSystem.FindReachableTiles","message":"loop","data":"iter=3 queueCount=5","hypothesisId":"H2","timestamp":1773548973581}
{"location":"ReachabilityResolver.FindAttackTargetsFromTile","message":"GROUND_TILE","data":"from=(4,1) minR=3 maxR=6","hypothesisId":"H3","timestamp":1773548973582}
{"location":"ReachabilityResolver.FindAttackTargetsFromTile","message":"GROUND_TILE_done","data":"tilesInRange=40","hypothesisId":"H3","timestamp":1773548973582}
{"location":"ReachabilityResolver.FindAttackTargetsFromTile","message":"GROUND_TILE","data":"from=(3,0) minR=3 maxR=6","hypothesisId":"H3","timestamp":1773548973582}
{"location":"ReachabilityResolver.FindAttackTargetsFromTile","message":"GROUND_TILE_done","data":"tilesInRange=30","hypothesisId":"H3","timestamp":1773548973584}
{"location":"ReachabilityResolver.FindAttackTargetsFromTile","message":"GROUND_TILE","data":"from=(5,1) minR=3 maxR=6","hypothesisId":"H3","timestamp":1773548973584}
{"location":"ReachabilityResolver.FindAttackTargetsFromTile","message":"GROUND_TILE_done","data":"tilesInRange=44","hypothesisId":"H3","timestamp":1773548973584}
{"location":"ReachabilityResolver.FindAttackTargetsFromTile","message":"GROUND_TILE","data":"from=(4,0) minR=3 maxR=6","hypothesisId":"H3","timestamp":1773548973585}
{"location":"ReachabilityResolver.FindAttackTargetsFromTile","message":"GROUND_TILE_done","data":"tilesInRange=34","hypothesisId":"H3","timestamp":1773548973585}
{"location":"ReachabilityResolver.FindAttackTargetsFromTile","message":"GROUND_TILE","data":"from=(2,0) minR=3 maxR=6","hypothesisId":"H3","timestamp":1773548973585}
{"location":"ReachabilityResolver.FindAttackTargetsFromTile","message":"GROUND_TILE_done","data":"tilesInRange=16","hypothesisId":"H3","timestamp":1773548973586}
{"location":"ReachabilityResolver.FindAttackTargetsFromTile","message":"GROUND_TILE","data":"from=(5,2) minR=3 maxR=6","hypothesisId":"H3","timestamp":1773548973586}
{"location":"ReachabilityResolver.FindAttackTargetsFromTile","message":"GROUND_TILE_done","data":"tilesInRange=49","hypothesisId":"H3","timestamp":1773548973586}
{"location":"ReachabilityResolver.FindAttackTargetsFromTile","message":"GROUND_TILE","data":"from=(6,1) minR=3 maxR=6","hypothesisId":"H3","timestamp":1773548973586}
{"location":"ReachabilityResolver.FindAttackTargetsFromTile","message":"GROUND_TILE_done","data":"tilesInRange=40","hypothesisId":"H3","timestamp":1773548973587}
{"location":"ReachabilityResolver.FindAttackTargetsFromTile","message":"GROUND_TILE","data":"from=(5,0) minR=3 maxR=6","hypothesisId":"H3","timestamp":1773548973588}
{"location":"ReachabilityResolver.FindAttackTargetsFromTile","message":"GROUND_TILE_done","data":"tilesInRange=36","hypothesisId":"H3","timestamp":1773548973588}
{"location":"ReachabilityResolver.FindAttackTargetsFromTile","message":"GROUND_TILE","data":"from=(1,0) minR=3 maxR=6","hypothesisId":"H3","timestamp":1773548973588}
{"location":"ReachabilityResolver.FindAttackTargetsFromTile","message":"GROUND_TILE_done","data":"tilesInRange=16","hypothesisId":"H3","timestamp":1773548973588}
{"location":"ReachabilityResolver.FindAttackTargetsFromTile","message":"GROUND_TILE","data":"from=(3,0) minR=3 maxR=6","hypothesisId":"H3","timestamp":1773548973588}
{"location":"ReachabilityResolver.FindAttackTargetsFromTile","message":"GROUND_TILE_done","data":"tilesInRange=30","hypothesisId":"H3","timestamp":1773548973589}
{"location":"PathfindingSystem.FindReachableTiles","message":"done","data":"iterCount=47 reachable=46","hypothesisId":"H2","timestamp":1773548973589}
{"location":"CombatController.FindSelectableTiles","message":"exit","data":"count=76","hypothesisId":"H1","timestamp":1773548973590}
{"location":"CombatController.SelectAction","message":"exit","data":"","hypothesisId":"H1","timestamp":1773548973590}
{"location":"CombatPanelUI.OnActionButtonClicked","message":"exit","data":"","hypothesisId":"H1","timestamp":1773548973644}
{"location":"CombatController.FindSelectableTiles","message":"entry","data":"ActionMeleeAttack","hypothesisId":"H1","timestamp":1773549053072}
{"location":"PathfindingSystem.FindReachableTiles","message":"loop","data":"iter=1 queueCount=1","hypothesisId":"H2","timestamp":1773549053074}
{"location":"PathfindingSystem.FindReachableTiles","message":"loop","data":"iter=2 queueCount=3","hypothesisId":"H2","timestamp":1773549053076}
{"location":"PathfindingSystem.FindReachableTiles","message":"loop","data":"iter=3 queueCount=4","hypothesisId":"H2","timestamp":1773549053076}
{"location":"PathfindingSystem.FindReachableTiles","message":"done","data":"iterCount=40 reachable=39","hypothesisId":"H2","timestamp":1773549053079}
{"location":"CombatController.FindSelectableTiles","message":"exit","data":"count=40","hypothesisId":"H1","timestamp":1773549053079}
{"location":"CombatController.FindSelectableTiles","message":"entry","data":"ActionMeleeAttack","hypothesisId":"H1","timestamp":1773549054374}
{"location":"PathfindingSystem.FindReachableTiles","message":"loop","data":"iter=1 queueCount=1","hypothesisId":"H2","timestamp":1773549054374}
{"location":"PathfindingSystem.FindReachableTiles","message":"loop","data":"iter=2 queueCount=2","hypothesisId":"H2","timestamp":1773549054375}
{"location":"PathfindingSystem.FindReachableTiles","message":"loop","data":"iter=3 queueCount=3","hypothesisId":"H2","timestamp":1773549054375}
{"location":"PathfindingSystem.FindReachableTiles","message":"done","data":"iterCount=45 reachable=44","hypothesisId":"H2","timestamp":1773549054377}
{"location":"CombatController.FindSelectableTiles","message":"exit","data":"count=45","hypothesisId":"H1","timestamp":1773549054377}
{"location":"CombatController.FindSelectableTiles","message":"entry","data":"ActionMeleeAttack","hypothesisId":"H1","timestamp":1773549054915}
{"location":"PathfindingSystem.FindReachableTiles","message":"loop","data":"iter=1 queueCount=1","hypothesisId":"H2","timestamp":1773549054916}
{"location":"PathfindingSystem.FindReachableTiles","message":"loop","data":"iter=2 queueCount=3","hypothesisId":"H2","timestamp":1773549054917}
{"location":"PathfindingSystem.FindReachableTiles","message":"loop","data":"iter=3 queueCount=5","hypothesisId":"H2","timestamp":1773549054917}
{"location":"PathfindingSystem.FindReachableTiles","message":"done","data":"iterCount=51 reachable=50","hypothesisId":"H2","timestamp":1773549054920}
{"location":"CombatController.FindSelectableTiles","message":"exit","data":"count=51","hypothesisId":"H1","timestamp":1773549054920}
{"location":"CombatPanelUI.OnActionButtonClicked","message":"entry","data":"key=ability:fireball className=ActionGroundAttack","hypothesisId":"H1","timestamp":1773549055995}
{"location":"CombatController.SelectAction","message":"entry","data":"key=ability:fireball className=ActionGroundAttack","hypothesisId":"H1","timestamp":1773549055995}
{"location":"ActionSelector.Select","message":"entry","data":"key=ability:fireball className=ActionGroundAttack","hypothesisId":"H5","timestamp":1773549055996}
{"location":"ActionSelector.Select","message":"exit","data":"","hypothesisId":"H5","timestamp":1773549056016}
{"location":"CombatController.FindSelectableTiles","message":"entry","data":"ActionGroundAttack","hypothesisId":"H1","timestamp":1773549056016}
{"location":"PathfindingSystem.FindReachableTiles","message":"loop","data":"iter=1 queueCount=1","hypothesisId":"H2","timestamp":1773549056017}
{"location":"ReachabilityResolver.FindAttackTargetsFromTile","message":"GROUND_TILE","data":"from=(3,1) minR=3 maxR=6","hypothesisId":"H3","timestamp":1773549056017}
{"location":"ReachabilityResolver.FindAttackTargetsFromTile","message":"GROUND_TILE_done","data":"tilesInRange=31","hypothesisId":"H3","timestamp":1773549056018}
{"location":"PathfindingSystem.FindReachableTiles","message":"loop","data":"iter=2 queueCount=3","hypothesisId":"H2","timestamp":1773549056018}
{"location":"ReachabilityResolver.FindAttackTargetsFromTile","message":"GROUND_TILE","data":"from=(4,1) minR=3 maxR=6","hypothesisId":"H3","timestamp":1773549056019}
{"location":"ReachabilityResolver.FindAttackTargetsFromTile","message":"GROUND_TILE_done","data":"tilesInRange=31","hypothesisId":"H3","timestamp":1773549056020}
{"location":"PathfindingSystem.FindReachableTiles","message":"loop","data":"iter=3 queueCount=5","hypothesisId":"H2","timestamp":1773549056020}
{"location":"ReachabilityResolver.FindAttackTargetsFromTile","message":"GROUND_TILE","data":"from=(3,0) minR=3 maxR=6","hypothesisId":"H3","timestamp":1773549056020}
{"location":"ReachabilityResolver.FindAttackTargetsFromTile","message":"GROUND_TILE_done","data":"tilesInRange=25","hypothesisId":"H3","timestamp":1773549056021}
{"location":"ReachabilityResolver.FindAttackTargetsFromTile","message":"GROUND_TILE","data":"from=(3,2) minR=3 maxR=6","hypothesisId":"H3","timestamp":1773549056021}
{"location":"ReachabilityResolver.FindAttackTargetsFromTile","message":"GROUND_TILE_done","data":"tilesInRange=40","hypothesisId":"H3","timestamp":1773549056021}
{"location":"ReachabilityResolver.FindAttackTargetsFromTile","message":"GROUND_TILE","data":"from=(2,0) minR=3 maxR=6","hypothesisId":"H3","timestamp":1773549056022}
{"location":"ReachabilityResolver.FindAttackTargetsFromTile","message":"GROUND_TILE_done","data":"tilesInRange=24","hypothesisId":"H3","timestamp":1773549056022}
{"location":"ReachabilityResolver.FindAttackTargetsFromTile","message":"GROUND_TILE","data":"from=(3,3) minR=3 maxR=6","hypothesisId":"H3","timestamp":1773549056022}
{"location":"ReachabilityResolver.FindAttackTargetsFromTile","message":"GROUND_TILE_done","data":"tilesInRange=47","hypothesisId":"H3","timestamp":1773549056023}
{"location":"ReachabilityResolver.FindAttackTargetsFromTile","message":"GROUND_TILE","data":"from=(1,0) minR=3 maxR=6","hypothesisId":"H3","timestamp":1773549056024}
{"location":"ReachabilityResolver.FindAttackTargetsFromTile","message":"GROUND_TILE_done","data":"tilesInRange=21","hypothesisId":"H3","timestamp":1773549056024}
{"location":"ReachabilityResolver.FindAttackTargetsFromTile","message":"GROUND_TILE","data":"from=(4,2) minR=3 maxR=6","hypothesisId":"H3","timestamp":1773549056025}
{"location":"ReachabilityResolver.FindAttackTargetsFromTile","message":"GROUND_TILE_done","data":"tilesInRange=45","hypothesisId":"H3","timestamp":1773549056025}
{"location":"ReachabilityResolver.FindAttackTargetsFromTile","message":"GROUND_TILE","data":"from=(2,2) minR=3 maxR=6","hypothesisId":"H3","timestamp":1773549056025}
{"location":"ReachabilityResolver.FindAttackTargetsFromTile","message":"GROUND_TILE_done","data":"tilesInRange=35","hypothesisId":"H3","timestamp":1773549056025}
{"location":"ReachabilityResolver.FindAttackTargetsFromTile","message":"GROUND_TILE","data":"from=(3,4) minR=3 maxR=6","hypothesisId":"H3","timestamp":1773549056025}
{"location":"ReachabilityResolver.FindAttackTargetsFromTile","message":"GROUND_TILE_done","data":"tilesInRange=51","hypothesisId":"H3","timestamp":1773549056026}
{"location":"ReachabilityResolver.FindAttackTargetsFromTile","message":"GROUND_TILE","data":"from=(4,3) minR=3 maxR=6","hypothesisId":"H3","timestamp":1773549056026}
{"location":"ReachabilityResolver.FindAttackTargetsFromTile","message":"GROUND_TILE_done","data":"tilesInRange=50","hypothesisId":"H3","timestamp":1773549056027}
{"location":"ReachabilityResolver.FindAttackTargetsFromTile","message":"GROUND_TILE","data":"from=(2,3) minR=3 maxR=6","hypothesisId":"H3","timestamp":1773549056027}
{"location":"ReachabilityResolver.FindAttackTargetsFromTile","message":"GROUND_TILE_done","data":"tilesInRange=43","hypothesisId":"H3","timestamp":1773549056027}
{"location":"PathfindingSystem.FindReachableTiles","message":"done","data":"iterCount=50 reachable=49","hypothesisId":"H2","timestamp":1773549056028}
{"location":"CombatController.FindSelectableTiles","message":"exit","data":"count=76","hypothesisId":"H1","timestamp":1773549056028}
{"location":"CombatController.SelectAction","message":"exit","data":"","hypothesisId":"H1","timestamp":1773549056028}
{"location":"CombatPanelUI.OnActionButtonClicked","message":"exit","data":"","hypothesisId":"H1","timestamp":1773549056084}
{"location":"CombatController.FindSelectableTiles","message":"entry","data":"ActionMeleeAttack","hypothesisId":"H1","timestamp":1773549170143}
{"location":"PathfindingSystem.FindReachableTiles","message":"loop","data":"iter=1 queueCount=1","hypothesisId":"H2","timestamp":1773549170145}
{"location":"PathfindingSystem.FindReachableTiles","message":"loop","data":"iter=2 queueCount=3","hypothesisId":"H2","timestamp":1773549170147}
{"location":"PathfindingSystem.FindReachableTiles","message":"loop","data":"iter=3 queueCount=4","hypothesisId":"H2","timestamp":1773549170148}
{"location":"PathfindingSystem.FindReachableTiles","message":"done","data":"iterCount=40 reachable=39","hypothesisId":"H2","timestamp":1773549170150}
{"location":"CombatController.FindSelectableTiles","message":"exit","data":"count=40","hypothesisId":"H1","timestamp":1773549170150}
{"location":"CombatController.FindSelectableTiles","message":"entry","data":"ActionMeleeAttack","hypothesisId":"H1","timestamp":1773549171207}
{"location":"PathfindingSystem.FindReachableTiles","message":"loop","data":"iter=1 queueCount=1","hypothesisId":"H2","timestamp":1773549171207}
{"location":"PathfindingSystem.FindReachableTiles","message":"loop","data":"iter=2 queueCount=2","hypothesisId":"H2","timestamp":1773549171209}
{"location":"PathfindingSystem.FindReachableTiles","message":"loop","data":"iter=3 queueCount=4","hypothesisId":"H2","timestamp":1773549171209}
{"location":"PathfindingSystem.FindReachableTiles","message":"done","data":"iterCount=43 reachable=42","hypothesisId":"H2","timestamp":1773549171211}
{"location":"CombatController.FindSelectableTiles","message":"exit","data":"count=43","hypothesisId":"H1","timestamp":1773549171211}
{"location":"CombatController.FindSelectableTiles","message":"entry","data":"ActionMeleeAttack","hypothesisId":"H1","timestamp":1773549171665}
{"location":"PathfindingSystem.FindReachableTiles","message":"loop","data":"iter=1 queueCount=1","hypothesisId":"H2","timestamp":1773549171665}
{"location":"PathfindingSystem.FindReachableTiles","message":"loop","data":"iter=2 queueCount=3","hypothesisId":"H2","timestamp":1773549171665}
{"location":"PathfindingSystem.FindReachableTiles","message":"loop","data":"iter=3 queueCount=5","hypothesisId":"H2","timestamp":1773549171667}
{"location":"PathfindingSystem.FindReachableTiles","message":"done","data":"iterCount=52 reachable=51","hypothesisId":"H2","timestamp":1773549171669}
{"location":"CombatController.FindSelectableTiles","message":"exit","data":"count=52","hypothesisId":"H1","timestamp":1773549171669}
{"location":"CombatPanelUI.OnActionButtonClicked","message":"entry","data":"key=ability:fireball className=ActionGroundAttack","hypothesisId":"H1","timestamp":1773549172218}
{"location":"CombatController.SelectAction","message":"entry","data":"key=ability:fireball className=ActionGroundAttack","hypothesisId":"H1","timestamp":1773549172219}
{"location":"ActionSelector.Select","message":"entry","data":"key=ability:fireball className=ActionGroundAttack","hypothesisId":"H5","timestamp":1773549172219}
{"location":"ActionSelector.Select","message":"exit","data":"","hypothesisId":"H5","timestamp":1773549172238}
{"location":"CombatController.FindSelectableTiles","message":"entry","data":"ActionGroundAttack","hypothesisId":"H1","timestamp":1773549172239}
{"location":"PathfindingSystem.FindReachableTiles","message":"loop","data":"iter=1 queueCount=1","hypothesisId":"H2","timestamp":1773549172239}
{"location":"ReachabilityResolver.FindAttackTargetsFromTile","message":"GROUND_TILE","data":"from=(3,1) minR=3 maxR=6","hypothesisId":"H3","timestamp":1773549172239}
{"location":"ReachabilityResolver.FindAttackTargetsFromTile","message":"GROUND_TILE_done","data":"tilesInRange=16","hypothesisId":"H3","timestamp":1773549172240}
{"location":"PathfindingSystem.FindReachableTiles","message":"loop","data":"iter=2 queueCount=3","hypothesisId":"H2","timestamp":1773549172240}
{"location":"ReachabilityResolver.FindAttackTargetsFromTile","message":"GROUND_TILE","data":"from=(4,1) minR=3 maxR=6","hypothesisId":"H3","timestamp":1773549172240}
{"location":"ReachabilityResolver.FindAttackTargetsFromTile","message":"GROUND_TILE_done","data":"tilesInRange=24","hypothesisId":"H3","timestamp":1773549172242}
{"location":"PathfindingSystem.FindReachableTiles","message":"loop","data":"iter=3 queueCount=5","hypothesisId":"H2","timestamp":1773549172242}
{"location":"ReachabilityResolver.FindAttackTargetsFromTile","message":"GROUND_TILE","data":"from=(3,0) minR=3 maxR=6","hypothesisId":"H3","timestamp":1773549172243}
{"location":"ReachabilityResolver.FindAttackTargetsFromTile","message":"GROUND_TILE_done","data":"tilesInRange=18","hypothesisId":"H3","timestamp":1773549172243}
{"location":"ReachabilityResolver.FindAttackTargetsFromTile","message":"GROUND_TILE","data":"from=(3,2) minR=3 maxR=6","hypothesisId":"H3","timestamp":1773549172243}
{"location":"ReachabilityResolver.FindAttackTargetsFromTile","message":"GROUND_TILE_done","data":"tilesInRange=36","hypothesisId":"H3","timestamp":1773549172244}
{"location":"ReachabilityResolver.FindAttackTargetsFromTile","message":"GROUND_TILE","data":"from=(2,0) minR=3 maxR=6","hypothesisId":"H3","timestamp":1773549172244}
{"location":"ReachabilityResolver.FindAttackTargetsFromTile","message":"GROUND_TILE_done","data":"tilesInRange=22","hypothesisId":"H3","timestamp":1773549172244}
{"location":"ReachabilityResolver.FindAttackTargetsFromTile","message":"GROUND_TILE","data":"from=(4,2) minR=3 maxR=6","hypothesisId":"H3","timestamp":1773549172244}
{"location":"ReachabilityResolver.FindAttackTargetsFromTile","message":"GROUND_TILE_done","data":"tilesInRange=27","hypothesisId":"H3","timestamp":1773549172244}
{"location":"ReachabilityResolver.FindAttackTargetsFromTile","message":"GROUND_TILE","data":"from=(3,3) minR=3 maxR=6","hypothesisId":"H3","timestamp":1773549172245}
{"location":"ReachabilityResolver.FindAttackTargetsFromTile","message":"GROUND_TILE_done","data":"tilesInRange=38","hypothesisId":"H3","timestamp":1773549172245}
{"location":"ReachabilityResolver.FindAttackTargetsFromTile","message":"GROUND_TILE","data":"from=(2,2) minR=3 maxR=6","hypothesisId":"H3","timestamp":1773549172245}
{"location":"ReachabilityResolver.FindAttackTargetsFromTile","message":"GROUND_TILE_done","data":"tilesInRange=26","hypothesisId":"H3","timestamp":1773549172246}
{"location":"ReachabilityResolver.FindAttackTargetsFromTile","message":"GROUND_TILE","data":"from=(1,0) minR=3 maxR=6","hypothesisId":"H3","timestamp":1773549172246}
{"location":"ReachabilityResolver.FindAttackTargetsFromTile","message":"GROUND_TILE_done","data":"tilesInRange=11","hypothesisId":"H3","timestamp":1773549172247}
{"location":"ReachabilityResolver.FindAttackTargetsFromTile","message":"GROUND_TILE","data":"from=(4,3) minR=3 maxR=6","hypothesisId":"H3","timestamp":1773549172247}
{"location":"ReachabilityResolver.FindAttackTargetsFromTile","message":"GROUND_TILE_done","data":"tilesInRange=39","hypothesisId":"H3","timestamp":1773549172247}
{"location":"ReachabilityResolver.FindAttackTargetsFromTile","message":"GROUND_TILE","data":"from=(4,1) minR=3 maxR=6","hypothesisId":"H3","timestamp":1773549172248}
{"location":"ReachabilityResolver.FindAttackTargetsFromTile","message":"GROUND_TILE_done","data":"tilesInRange=24","hypothesisId":"H3","timestamp":1773549172248}
{"location":"ReachabilityResolver.FindAttackTargetsFromTile","message":"GROUND_TILE","data":"from=(3,4) minR=3 maxR=6","hypothesisId":"H3","timestamp":1773549172249}
{"location":"ReachabilityResolver.FindAttackTargetsFromTile","message":"GROUND_TILE_done","data":"tilesInRange=50","hypothesisId":"H3","timestamp":1773549172249}
{"location":"PathfindingSystem.FindReachableTiles","message":"done","data":"iterCount=47 reachable=46","hypothesisId":"H2","timestamp":1773549172249}
{"location":"CombatController.FindSelectableTiles","message":"exit","data":"count=73","hypothesisId":"H1","timestamp":1773549172250}
{"location":"CombatController.SelectAction","message":"exit","data":"","hypothesisId":"H1","timestamp":1773549172250}
{"location":"CombatPanelUI.OnActionButtonClicked","message":"exit","data":"","hypothesisId":"H1","timestamp":1773549172307}
